<?xml version="1.0" encoding="UTF-8"?>
<testng-results skipped="0" failed="0" ignored="0" total="1" passed="1">
  <reporter-output>
  </reporter-output>
  <suite name="Default suite" duration-ms="206306" started-at="2020-09-20T19:13:37 IST" finished-at="2020-09-20T19:17:04 IST">
    <groups>
    </groups>
    <test name="Default test" duration-ms="206306" started-at="2020-09-20T19:13:37 IST" finished-at="2020-09-20T19:17:04 IST">
      <class name="TestPackages.OneWayFlightSearch">
        <test-method status="PASS" signature="SearchForOneWayFlight()[pri:0, instance:TestPackages.OneWayFlightSearch@6e0e048a]" name="SearchForOneWayFlight" duration-ms="204985" started-at="2020-09-20T19:13:38 IST" finished-at="2020-09-20T19:17:03 IST">
          <reporter-output>
          </reporter-output>
        </test-method> <!-- SearchForOneWayFlight -->
      </class> <!-- TestPackages.OneWayFlightSearch -->
    </test> <!-- Default test -->
  </suite> <!-- Default suite -->
</testng-results>
